This is pdfTeX, Version 3.14159265-2.6-1.40.20 (TeX Live 2019) (preloaded format=pdflatex 2020.1.28)  29 JAN 2020 00:32
entering extended mode
 restricted \write18 enabled.
 %&-line parsing enabled.
**/Users/rick/git/faxing/tmp/output20200129-62912-1abw0f6.tex
(/Users/rick/git/faxing/tmp/output20200129-62912-1abw0f6.tex
LaTeX2e <2019-10-01>
(/usr/local/texlive/2019basic/texmf-dist/tex/latex/base/letter.cls
Document Class: letter 2014/09/29 v1.2z Standard LaTeX document class
(/usr/local/texlive/2019basic/texmf-dist/tex/latex/base/size10.clo
File: size10.clo 2019/08/27 v1.4j Standard LaTeX file (size option)
)
\longindentation=\dimen102
\indentedwidth=\dimen103
\labelcount=\count80
)
No file output20200129-62912-1abw0f6.aux.
\openout1 = `output20200129-62912-1abw0f6.aux'.

LaTeX Font Info:    Checking defaults for OML/cmm/m/it on input line 4.
LaTeX Font Info:    ... okay on input line 4.
LaTeX Font Info:    Checking defaults for T1/cmr/m/n on input line 4.
LaTeX Font Info:    ... okay on input line 4.
LaTeX Font Info:    Checking defaults for OT1/cmr/m/n on input line 4.
LaTeX Font Info:    ... okay on input line 4.
LaTeX Font Info:    Checking defaults for OMS/cmsy/m/n on input line 4.
LaTeX Font Info:    ... okay on input line 4.
LaTeX Font Info:    Checking defaults for OMX/cmex/m/n on input line 4.
LaTeX Font Info:    ... okay on input line 4.
LaTeX Font Info:    Checking defaults for U/cmr/m/n on input line 4.
LaTeX Font Info:    ... okay on input line 4.
LaTeX Font Info:    External font `cmex10' loaded for size
(Font)              <7> on input line 6.
LaTeX Font Info:    External font `cmex10' loaded for size
(Font)              <5> on input line 6.
[1

{/usr/local/texlive/2019basic/texmf-var/fonts/map/pdftex/updmap/pdftex.map}] (/
Users/rick/git/faxing/tmp/output20200129-62912-1abw0f6.aux) ) 
Here is how much of TeX's memory you used:
 150 strings out of 493610
 1889 string characters out of 6159293
 59653 words of memory out of 5000000
 4392 multiletter control sequences out of 15000+600000
 3640 words of font info for 14 fonts, out of 8000000 for 9000
 319 hyphenation exceptions out of 8191
 25i,6n,19p,463b,124s stack positions out of 5000i,500n,10000p,200000b,80000s
</usr/local/texliv
e/2019basic/texmf-dist/fonts/type1/public/amsfonts/cm/cmr10.pfb>
Output written on /Users/rick/git/faxing/tmp/output20200129-62912-1abw0f6.pdf (
1 page, 23634 bytes).
PDF statistics:
 12 PDF objects out of 1000 (max. 8388607)
 7 compressed objects within 1 object stream
 0 named destinations out of 1000 (max. 500000)
 1 words of extra memory for PDF output out of 10000 (max. 10000000)

