This is pdfTeX, Version 3.14159265-2.6-1.40.20 (TeX Live 2019) (preloaded format=pdflatex 2020.1.28)  29 JAN 2020 00:22
entering extended mode
 restricted \write18 enabled.
 %&-line parsing enabled.
**/Users/rick/git/faxing/tmp/output20200129-61524-1duulgx.tex
(/Users/rick/git/faxing/tmp/output20200129-61524-1duulgx.tex
LaTeX2e <2019-10-01>
)
*
! Emergency stop.
<*> ...faxing/tmp/output20200129-61524-1duulgx.tex
                                                  
End of file on the terminal!

 
Here is how much of TeX's memory you used:
 6 strings out of 493610
 317 string characters out of 6159293
 55281 words of memory out of 5000000
 4260 multiletter control sequences out of 15000+600000
 3640 words of font info for 14 fonts, out of 8000000 for 9000
 319 hyphenation exceptions out of 8191
 5i,0n,1p,1b,8s stack positions out of 5000i,500n,10000p,200000b,80000s
!  ==> Fatal error occurred, no output PDF file produced!
